0 info it worked if it ends with ok
1 verbose cli [ 'C:\\Program Files\\nodejs\\node.exe',
1 verbose cli   'C:\\Program Files (x86)\\Nodist\\bin\\node_modules\\npm\\bin\\npm-cli.js',
1 verbose cli   'install',
1 verbose cli   'colors' ]
2 info using npm@3.5.2
3 info using node@v10.11.0
4 verbose config Skipping project config: C:\Users\mono/.npmrc. (matches userconfig)
5 verbose stack Error: Cannot find module 'internal/util/types'
5 verbose stack     at Function.Module._resolveFilename (internal/modules/cjs/loader.js:581:15)
5 verbose stack     at Function.Module._load (internal/modules/cjs/loader.js:507:25)
5 verbose stack     at Module.require (internal/modules/cjs/loader.js:637:17)
5 verbose stack     at require (internal/modules/cjs/helpers.js:20:18)
5 verbose stack     at evalmachine.<anonymous>:44:31
5 verbose stack     at Object.<anonymous> (C:\Program Files (x86)\Nodist\bin\node_modules\npm\node_modules\cmd-shim\node_modules\graceful-fs\fs.js:11:1)
5 verbose stack     at Module._compile (internal/modules/cjs/loader.js:689:30)
5 verbose stack     at Object.Module._extensions..js (internal/modules/cjs/loader.js:700:10)
5 verbose stack     at Module.load (internal/modules/cjs/loader.js:599:32)
5 verbose stack     at tryModuleLoad (internal/modules/cjs/loader.js:538:12)
6 verbose cwd C:\Users\mono\AppData\Roaming\idesktop\DFolder\capetas y arvhicos\PROCESOS\web_y_programacion_v2\nodejs\example_project
7 error Windows_NT 6.1.7601
8 error argv "C:\\Program Files\\nodejs\\node.exe" "C:\\Program Files (x86)\\Nodist\\bin\\node_modules\\npm\\bin\\npm-cli.js" "install" "colors"
9 error node v10.11.0
10 error npm  v3.5.2
11 error code MODULE_NOT_FOUND
12 error Cannot find module 'internal/util/types'
13 error If you need help, you may report this error at:
13 error     <https://github.com/npm/npm/issues>
14 verbose exit [ 1, true ]
